Build started 2015/3/21 12:58:23.
     1>Project "C:\Users\siqiHuang\Desktop\CGGT\Phy-based Animation\hw2\deformable_body_sim\deformable_body_sim\deformable_body_sim\fast_mass_spring.vcxproj" on node 2 (build target(s)).
     1>InitializeBuildStatus:
         Creating "x64\Release\deformable_body.unsuccessfulbuild" because "AlwaysCreate" was specified.
       ClCompile:
         c:\Program Files (x86)\Microsoft Visual Studio 10.0\VC\bin\x86_amd64\CL.exe /c /I../external_dependencies/AntTweakBar/include /I../external_dependencies/Eigen /I../external_dependencies/freeglut/include /I../external_dependencies/glew/include /I../external_dependencies/glm /I../external_dependencies/TinyXML/include /Zi /nologo /W3 /WX- /O2 /Oi /GL /D CODE_ANALYSIS /D _MBCS /Gm- /EHsc /MD /GS /Gy /fp:precise /Zc:wchar_t /Zc:forScope /Fo"x64\Release\\" /Fd"x64\Release\vc100.pdb" /Gd /TP /analyze /errorReport:prompt source\primitive.cpp
     1>cl : Command line warning D9040: ignoring option '/analyze'; Code Analysis warnings are not available in this edition of the compiler
         primitive.cpp
     1>c:\users\siqihuang\desktop\cggt\phy-based animation\hw2\deformable_body_sim\deformable_body_sim\deformable_body_sim\source\primitive.h(109): warning C4305: 'initializing' : truncation from 'double' to 'float'
     1>source\primitive.cpp(108): warning C4267: 'argument' : conversion from 'size_t' to 'GLsizei', possible loss of data
     1>source\primitive.cpp(142): warning C4244: 'initializing' : conversion from 'double' to 'float', possible loss of data
     1>source\primitive.cpp(202): warning C4244: 'initializing' : conversion from 'double' to 'float', possible loss of data
     1>source\primitive.cpp(202): warning C4244: 'initializing' : conversion from 'double' to 'float', possible loss of data
     1>source\primitive.cpp(436): warning C4244: '=' : conversion from 'double' to 'float', possible loss of data
     1>source\primitive.cpp(437): warning C4244: '=' : conversion from 'double' to 'float', possible loss of data
     1>source\primitive.cpp(438): warning C4244: '=' : conversion from 'double' to 'float', possible loss of data
     1>source\primitive.cpp(553): warning C4267: '=' : conversion from 'size_t' to 'unsigned int', possible loss of data
     1>source\primitive.cpp(586): warning C4267: 'initializing' : conversion from 'size_t' to 'int', possible loss of data
         All outputs are up-to-date.
       Link:
         c:\Program Files (x86)\Microsoft Visual Studio 10.0\VC\bin\x86_amd64\link.exe /ERRORREPORT:PROMPT /OUT:"C:\Users\siqiHuang\Desktop\CGGT\Phy-based Animation\hw2\deformable_body_sim\deformable_body_sim\x64\Release\deformable_body.exe" /NOLOGO /LIBPATH:../external_dependencies/AntTweakBar/lib /LIBPATH:../external_dependencies/glew/lib /LIBPATH:../external_dependencies/freeglut/lib/x64 /LIBPATH:../external_dependencies/TinyXML/lib tinyxml_STL.lib glew32.lib glu32.lib opengl32.lib freeglut.lib AntTweakBar64.lib kernel32.lib user32.lib gdi32.lib winspool.lib comdlg32.lib advapi32.lib shell32.lib ole32.lib oleaut32.lib uuid.lib odbc32.lib odbccp32.lib /MANIFEST /ManifestFile:"x64\Release\deformable_body.exe.intermediate.manifest" /MANIFESTUAC:"level='asInvoker' uiAccess='false'" /DEBUG /PDB:"C:\Users\siqiHuang\Desktop\CGGT\Phy-based Animation\hw2\deformable_body_sim\deformable_body_sim\x64\Release\deformable_body.pdb" /OPT:REF /OPT:ICF /LTCG /TLBID:1 /DYNAMICBASE /NXCOMPAT /IMPLIB:"C:\Users\siqiHuang\Desktop\CGGT\Phy-based Animation\hw2\deformable_body_sim\deformable_body_sim\x64\Release\deformable_body.lib" /MACHINE:X64 x64\Release\anttweakbar_wrapper.obj
         x64\Release\camera.obj
         x64\Release\constraint.obj
         x64\Release\fps.obj
         x64\Release\glsl_wrapper.obj
         x64\Release\io_mesh.obj
         x64\Release\kdtree.obj
         x64\Release\main.obj
         x64\Release\math_headers.obj
         x64\Release\mesh.obj
         x64\Release\primitive.obj
         x64\Release\scene.obj
         x64\Release\simulation.obj
         x64\Release\stb_image.obj
         x64\Release\stb_image_write.obj
         Generating code
     1>c:\users\siqihuang\desktop\cggt\phy-based animation\hw2\deformable_body_sim\deformable_body_sim\deformable_body_sim\source\primitive.cpp(476): warning C4715: 'Cube::StaticIntersectionTest' : not all control paths return a value
         Finished generating code
     1>tinyxml_STL.lib(tinyxml.obj) : warning LNK4099: PDB 'vc100.pdb' was not found with 'tinyxml_STL.lib(tinyxml.obj)' or at 'C:\Users\siqiHuang\Desktop\CGGT\Phy-based Animation\hw2\deformable_body_sim\deformable_body_sim\x64\Release\vc100.pdb'; linking object as if no debug info
     1>tinyxml_STL.lib(tinyxmlerror.obj) : warning LNK4099: PDB 'vc100.pdb' was not found with 'tinyxml_STL.lib(tinyxmlerror.obj)' or at 'C:\Users\siqiHuang\Desktop\CGGT\Phy-based Animation\hw2\deformable_body_sim\deformable_body_sim\x64\Release\vc100.pdb'; linking object as if no debug info
     1>tinyxml_STL.lib(tinyxmlparser.obj) : warning LNK4099: PDB 'vc100.pdb' was not found with 'tinyxml_STL.lib(tinyxmlparser.obj)' or at 'C:\Users\siqiHuang\Desktop\CGGT\Phy-based Animation\hw2\deformable_body_sim\deformable_body_sim\x64\Release\vc100.pdb'; linking object as if no debug info
         fast_mass_spring.vcxproj -> C:\Users\siqiHuang\Desktop\CGGT\Phy-based Animation\hw2\deformable_body_sim\deformable_body_sim\x64\Release\deformable_body.exe
       Manifest:
         c:\Program Files (x86)\Microsoft SDKs\Windows\v7.0A\bin\mt.exe /nologo /verbose /outputresource:"C:\Users\siqiHuang\Desktop\CGGT\Phy-based Animation\hw2\deformable_body_sim\deformable_body_sim\x64\Release\deformable_body.exe;#1" /manifest x64\Release\deformable_body.exe.intermediate.manifest
       RunCodeAnalysis:
         Running Code Analysis...
         C:\Program Files (x86)\Microsoft Visual Studio 10.0\Team Tools\Static Analysis Tools\FxCop\FxCopCmd.exe  /outputCulture:1033 /out:"C:\Users\siqiHuang\Desktop\CGGT\Phy-based Animation\hw2\deformable_body_sim\deformable_body_sim\x64\Release\deformable_body.exe.CodeAnalysisLog.xml" /file:"C:\Users\siqiHuang\Desktop\CGGT\Phy-based Animation\hw2\deformable_body_sim\deformable_body_sim\x64\Release\deformable_body.exe" /reference:"C:\Program Files (x86)\Reference Assemblies\Microsoft\Framework\.NETFramework\v4.0\System.Core.dll" /directory:"C:\Program Files (x86)\Reference Assemblies\Microsoft\Framework\.NETFramework\v4.0" /ruleSet:"=MinimumRecommendedRules.ruleset" /rulesetdirectory:"C:\Program Files (x86)\Microsoft Visual Studio 10.0\Team Tools\Static Analysis Tools\\Rule Sets" /rule:"-C:\Program Files (x86)\Microsoft Visual Studio 10.0\Team Tools\Static Analysis Tools\FxCop\\Rules" /searchgac /ignoreinvalidtargets /forceoutput /successfile /ignoregeneratedcode /saveMessagesToReport:Active /timeout:120 
         Code Analysis Complete -- 0 error(s), 0 warning(s)
       FinalizeBuildStatus:
         Deleting file "x64\Release\deformable_body.unsuccessfulbuild".
         Touching "x64\Release\deformable_body.lastbuildstate".
     1>Done Building Project "C:\Users\siqiHuang\Desktop\CGGT\Phy-based Animation\hw2\deformable_body_sim\deformable_body_sim\deformable_body_sim\fast_mass_spring.vcxproj" (build target(s)).

Build succeeded.

Time Elapsed 00:00:37.61
